2026-01-28T11:30:08 | touched: README.md
2026-01-08T17:03:45 | touched: test/Signatureguard.test.js
2026-01-18T18:41:06 | touched: README.md
2025-07-05T08:34:53 | touched: scripts/deploy.js
2025-01-06T15:34:19 | touched: test/Signatureguard.test.js
2026-01-09T17:03:02 | touched: hardhat.config.js
2025-06-02T17:12:21 | touched: LICENSE
2024-02-21T17:48:08 | touched: test/Signatureguard.test.js
2025-04-05T03:15:42 | touched: README.md
2024-10-15T12:39:04 | touched: scripts/deploy.js
2025-12-01T20:01:51 | touched: test/Signatureguard.test.js
2025-11-24T14:43:20 | touched: scripts/deploy.js
2025-12-01T11:49:08 | touched: hardhat.config.js
2025-05-28T18:31:06 | touched: README.md
2025-01-07T17:16:40 | touched: scripts/deploy.js
2025-01-14T03:05:11 | touched: package.json
2025-08-26T15:49:19 | touched: README.md
2025-09-25T15:00:52 | touched: test/Signatureguard.test.js
2025-05-19T11:10:42 | touched: README.md
2025-03-20T01:30:42 | touched: package.json
2025-02-27T01:04:01 | touched: package.json
